Release 14.7 - ngc2edif P.20131013 (nt64)
Copyright (c) 1995-2013 Xilinx, Inc.  All rights reserved.
Reading design ROM_2.ngc ...
WARNING:NetListWriters:298 - No output is written to ROM_2.xncf, ignored.
Processing design ...
   Preping design's networks ...
   Preping design's macros ...
  finished :Prep
Writing EDIF netlist file ROM_2.edif ...
ngc2edif: Total memory usage is 4314100 kilobytes

Release 14.7 - ngc2edif P.20131013 (nt64)
Copyright (c) 1995-2013 Xilinx, Inc.  All rights reserved.
Reading design RAM_1.ngc ...
WARNING:NetListWriters:298 - No output is written to RAM_1.xncf, ignored.
Processing design ...
   Preping design's networks ...
   Preping design's macros ...
  finished :Prep
Writing EDIF netlist file RAM_1.edif ...
ngc2edif: Total memory usage is 4314100 kilobytes

